skse64 loader 02000110 (steam) 01D665FE0D1B0F00 6.2 (9200)
loader base addr = 00007FFEE82C0000
exe base addr = 00007FF695B20000
found iat at 00007FF6970298A8
original thunk 00007FFED3921890
patched iat
HookMain: thread = 11128 retaddr = 00007FF696E6B159
runtimePath = D:\GAMES\steamapps\common\Skyrim Special Edition\Skyrim.exe
dwSignature = FEEF04BD
dwStrucVersion = 00010000
dwFileVersionMS = 00010000
dwFileVersionLS = 00000000
dwProductVersionMS = 00010000
dwProductVersionLS = 00000000
dwFileFlagsMask = 00000017
dwFileFlags = 00000000
dwFileOS = 00000004
dwFileType = 00000001
dwFileSubtype = 00000000
dwFileDateMS = 00000000
dwFileDateLS = 00000000
productVersionStr = 1.5.97.0
version = 0001000500610000
product name = TESV: Skyrim
steam exe
dll = D:\GAMES\steamapps\common\Skyrim Special Edition\\skse64_1_5_97.dll
