skse64 loader 02000110 01D665FE0CCD547B 6.2 (9200)
config path = D:\GAMES\steamapps\common\Skyrim Special Edition\Data\SKSE\skse.ini
using runtime name from config: Skyrim.exe
procPath = D:\GAMES\steamapps\common\Skyrim Special Edition\\Skyrim.exe
launching: Skyrim.exe (D:\GAMES\steamapps\common\Skyrim Special Edition\\Skyrim.exe)
dwSignature = FEEF04BD
dwStrucVersion = 00010000
dwFileVersionMS = 00010000
dwFileVersionLS = 00000000
dwProductVersionMS = 00010000
dwProductVersionLS = 00000000
dwFileFlagsMask = 00000017
dwFileFlags = 00000000
dwFileOS = 00000004
dwFileType = 00000001
dwFileSubtype = 00000000
dwFileDateMS = 00000000
dwFileDateLS = 00000000
productVersionStr = 1.5.97.0
version = 0001000500610000
product name = TESV: Skyrim
steam exe
dll = D:\GAMES\steamapps\common\Skyrim Special Edition\\skse64_1_5_97.dll
main thread id = 11128
hookBase = 00000228D00C0000
loadLibraryAAddr = 00007FFEEDE6EB60
hook thread complete
launching
